{"/Users/xiaohandu/code-playground/shopping-site/frontend/src/Layout.js": {"path":"/Users/xiaohandu/code-playground/shopping-site/frontend/src/Layout.js","statementMap":{"0":{"start":{"line":13,"column":15},"end":{"line":43,"column":1}},"1":{"start":{"line":14,"column":4},"end":{"line":42,"column":5}}},"fnMap":{"0":{"name":"(anonymous_0)","decl":{"start":{"line":13,"column":15},"end":{"line":13,"column":16}},"loc":{"start":{"line":13,"column":21},"end":{"line":43,"column":1}},"line":13}},"branchMap":{},"s":{"0":0,"1":0},"f":{"0":0},"b":{},"hash":"536fcd10763038ba2a811b1b76ee05b3fed46d35"}
,"/Users/xiaohandu/code-playground/shopping-site/frontend/src/index.js": {"path":"/Users/xiaohandu/code-playground/shopping-site/frontend/src/index.js","statementMap":{"0":{"start":{"line":7,"column":0},"end":{"line":12,"column":2}},"1":{"start":{"line":17,"column":0},"end":{"line":17,"column":27}}},"fnMap":{},"branchMap":{},"s":{"0":0,"1":0},"f":{},"b":{},"hash":"341ba3a564bbf550597152f930a7e5f4a52c5394"}
,"/Users/xiaohandu/code-playground/shopping-site/frontend/src/serviceWorker.js": {"path":"/Users/xiaohandu/code-playground/shopping-site/frontend/src/serviceWorker.js","statementMap":{"0":{"start":{"line":13,"column":20},"end":{"line":21,"column":1}},"1":{"start":{"line":24,"column":2},"end":{"line":54,"column":3}},"2":{"start":{"line":26,"column":22},"end":{"line":26,"column":75}},"3":{"start":{"line":27,"column":4},"end":{"line":32,"column":5}},"4":{"start":{"line":31,"column":6},"end":{"line":31,"column":13}},"5":{"start":{"line":34,"column":4},"end":{"line":53,"column":7}},"6":{"start":{"line":35,"column":20},"end":{"line":35,"column":65}},"7":{"start":{"line":37,"column":6},"end":{"line":52,"column":7}},"8":{"start":{"line":39,"column":8},"end":{"line":39,"column":47}},"9":{"start":{"line":43,"column":8},"end":{"line":48,"column":11}},"10":{"start":{"line":44,"column":10},"end":{"line":47,"column":12}},"11":{"start":{"line":51,"column":8},"end":{"line":51,"column":39}},"12":{"start":{"line":58,"column":2},"end":{"line":98,"column":7}},"13":{"start":{"line":61,"column":6},"end":{"line":94,"column":8}},"14":{"start":{"line":62,"column":33},"end":{"line":62,"column":56}},"15":{"start":{"line":63,"column":8},"end":{"line":65,"column":9}},"16":{"start":{"line":64,"column":10},"end":{"line":64,"column":17}},"17":{"start":{"line":66,"column":8},"end":{"line":93,"column":10}},"18":{"start":{"line":67,"column":10},"end":{"line":92,"column":11}},"19":{"start":{"line":68,"column":12},"end":{"line":91,"column":13}},"20":{"start":{"line":72,"column":14},"end":{"line":75,"column":16}},"21":{"start":{"line":78,"column":14},"end":{"line":80,"column":15}},"22":{"start":{"line":79,"column":16},"end":{"line":79,"column":46}},"23":{"start":{"line":85,"column":14},"end":{"line":85,"column":64}},"24":{"start":{"line":88,"column":14},"end":{"line":90,"column":15}},"25":{"start":{"line":89,"column":16},"end":{"line":89,"column":47}},"26":{"start":{"line":97,"column":6},"end":{"line":97,"column":72}},"27":{"start":{"line":103,"column":2},"end":{"line":128,"column":7}},"28":{"start":{"line":108,"column":26},"end":{"line":108,"column":62}},"29":{"start":{"line":109,"column":6},"end":{"line":122,"column":7}},"30":{"start":{"line":114,"column":8},"end":{"line":118,"column":11}},"31":{"start":{"line":115,"column":10},"end":{"line":117,"column":13}},"32":{"start":{"line":116,"column":12},"end":{"line":116,"column":37}},"33":{"start":{"line":121,"column":8},"end":{"line":121,"column":39}},"34":{"start":{"line":125,"column":6},"end":{"line":127,"column":8}},"35":{"start":{"line":132,"column":2},"end":{"line":140,"column":3}},"36":{"start":{"line":133,"column":4},"end":{"line":139,"column":9}},"37":{"start":{"line":135,"column":8},"end":{"line":135,"column":34}},"38":{"start":{"line":138,"column":8},"end":{"line":138,"column":37}}},"fnMap":{"0":{"name":"register","decl":{"start":{"line":23,"column":16},"end":{"line":23,"column":24}},"loc":{"start":{"line":23,"column":33},"end":{"line":55,"column":1}},"line":23},"1":{"name":"(anonymous_1)","decl":{"start":{"line":34,"column":36},"end":{"line":34,"column":37}},"loc":{"start":{"line":34,"column":42},"end":{"line":53,"column":5}},"line":34},"2":{"name":"(anonymous_2)","decl":{"start":{"line":43,"column":43},"end":{"line":43,"column":44}},"loc":{"start":{"line":43,"column":49},"end":{"line":48,"column":9}},"line":43},"3":{"name":"registerValidSW","decl":{"start":{"line":57,"column":9},"end":{"line":57,"column":24}},"loc":{"start":{"line":57,"column":40},"end":{"line":99,"column":1}},"line":57},"4":{"name":"(anonymous_4)","decl":{"start":{"line":60,"column":10},"end":{"line":60,"column":11}},"loc":{"start":{"line":60,"column":26},"end":{"line":95,"column":5}},"line":60},"5":{"name":"(anonymous_5)","decl":{"start":{"line":61,"column":35},"end":{"line":61,"column":36}},"loc":{"start":{"line":61,"column":41},"end":{"line":94,"column":7}},"line":61},"6":{"name":"(anonymous_6)","decl":{"start":{"line":66,"column":41},"end":{"line":66,"column":42}},"loc":{"start":{"line":66,"column":47},"end":{"line":93,"column":9}},"line":66},"7":{"name":"(anonymous_7)","decl":{"start":{"line":96,"column":11},"end":{"line":96,"column":12}},"loc":{"start":{"line":96,"column":20},"end":{"line":98,"column":5}},"line":96},"8":{"name":"checkValidServiceWorker","decl":{"start":{"line":101,"column":9},"end":{"line":101,"column":32}},"loc":{"start":{"line":101,"column":48},"end":{"line":129,"column":1}},"line":101},"9":{"name":"(anonymous_9)","decl":{"start":{"line":106,"column":10},"end":{"line":106,"column":11}},"loc":{"start":{"line":106,"column":22},"end":{"line":123,"column":5}},"line":106},"10":{"name":"(anonymous_10)","decl":{"start":{"line":114,"column":43},"end":{"line":114,"column":44}},"loc":{"start":{"line":114,"column":59},"end":{"line":118,"column":9}},"line":114},"11":{"name":"(anonymous_11)","decl":{"start":{"line":115,"column":41},"end":{"line":115,"column":42}},"loc":{"start":{"line":115,"column":47},"end":{"line":117,"column":11}},"line":115},"12":{"name":"(anonymous_12)","decl":{"start":{"line":124,"column":11},"end":{"line":124,"column":12}},"loc":{"start":{"line":124,"column":17},"end":{"line":128,"column":5}},"line":124},"13":{"name":"unregister","decl":{"start":{"line":131,"column":16},"end":{"line":131,"column":26}},"loc":{"start":{"line":131,"column":29},"end":{"line":141,"column":1}},"line":131},"14":{"name":"(anonymous_14)","decl":{"start":{"line":134,"column":12},"end":{"line":134,"column":13}},"loc":{"start":{"line":134,"column":28},"end":{"line":136,"column":7}},"line":134},"15":{"name":"(anonymous_15)","decl":{"start":{"line":137,"column":13},"end":{"line":137,"column":14}},"loc":{"start":{"line":137,"column":22},"end":{"line":139,"column":7}},"line":137}},"branchMap":{"0":{"loc":{"start":{"line":14,"column":2},"end":{"line":20,"column":5}},"type":"binary-expr","locations":[{"start":{"line":14,"column":2},"end":{"line":14,"column":42}},{"start":{"line":16,"column":4},"end":{"line":16,"column":40}},{"start":{"line":18,"column":4},"end":{"line":20,"column":5}}],"line":14},"1":{"loc":{"start":{"line":24,"column":2},"end":{"line":54,"column":3}},"type":"if","locations":[{"start":{"line":24,"column":2},"end":{"line":54,"column":3}},{"start":{"line":24,"column":2},"end":{"line":54,"column":3}}],"line":24},"2":{"loc":{"start":{"line":24,"column":6},"end":{"line":24,"column":75}},"type":"binary-expr","locations":[{"start":{"line":24,"column":6},"end":{"line":24,"column":43}},{"start":{"line":24,"column":47},"end":{"line":24,"column":75}}],"line":24},"3":{"loc":{"start":{"line":27,"column":4},"end":{"line":32,"column":5}},"type":"if","locations":[{"start":{"line":27,"column":4},"end":{"line":32,"column":5}},{"start":{"line":27,"column":4},"end":{"line":32,"column":5}}],"line":27},"4":{"loc":{"start":{"line":37,"column":6},"end":{"line":52,"column":7}},"type":"if","locations":[{"start":{"line":37,"column":6},"end":{"line":52,"column":7}},{"start":{"line":37,"column":6},"end":{"line":52,"column":7}}],"line":37},"5":{"loc":{"start":{"line":63,"column":8},"end":{"line":65,"column":9}},"type":"if","locations":[{"start":{"line":63,"column":8},"end":{"line":65,"column":9}},{"start":{"line":63,"column":8},"end":{"line":65,"column":9}}],"line":63},"6":{"loc":{"start":{"line":67,"column":10},"end":{"line":92,"column":11}},"type":"if","locations":[{"start":{"line":67,"column":10},"end":{"line":92,"column":11}},{"start":{"line":67,"column":10},"end":{"line":92,"column":11}}],"line":67},"7":{"loc":{"start":{"line":68,"column":12},"end":{"line":91,"column":13}},"type":"if","locations":[{"start":{"line":68,"column":12},"end":{"line":91,"column":13}},{"start":{"line":68,"column":12},"end":{"line":91,"column":13}}],"line":68},"8":{"loc":{"start":{"line":78,"column":14},"end":{"line":80,"column":15}},"type":"if","locations":[{"start":{"line":78,"column":14},"end":{"line":80,"column":15}},{"start":{"line":78,"column":14},"end":{"line":80,"column":15}}],"line":78},"9":{"loc":{"start":{"line":78,"column":18},"end":{"line":78,"column":43}},"type":"binary-expr","locations":[{"start":{"line":78,"column":18},"end":{"line":78,"column":24}},{"start":{"line":78,"column":28},"end":{"line":78,"column":43}}],"line":78},"10":{"loc":{"start":{"line":88,"column":14},"end":{"line":90,"column":15}},"type":"if","locations":[{"start":{"line":88,"column":14},"end":{"line":90,"column":15}},{"start":{"line":88,"column":14},"end":{"line":90,"column":15}}],"line":88},"11":{"loc":{"start":{"line":88,"column":18},"end":{"line":88,"column":44}},"type":"binary-expr","locations":[{"start":{"line":88,"column":18},"end":{"line":88,"column":24}},{"start":{"line":88,"column":28},"end":{"line":88,"column":44}}],"line":88},"12":{"loc":{"start":{"line":109,"column":6},"end":{"line":122,"column":7}},"type":"if","locations":[{"start":{"line":109,"column":6},"end":{"line":122,"column":7}},{"start":{"line":109,"column":6},"end":{"line":122,"column":7}}],"line":109},"13":{"loc":{"start":{"line":110,"column":8},"end":{"line":111,"column":73}},"type":"binary-expr","locations":[{"start":{"line":110,"column":8},"end":{"line":110,"column":31}},{"start":{"line":111,"column":9},"end":{"line":111,"column":28}},{"start":{"line":111,"column":32},"end":{"line":111,"column":72}}],"line":110},"14":{"loc":{"start":{"line":132,"column":2},"end":{"line":140,"column":3}},"type":"if","locations":[{"start":{"line":132,"column":2},"end":{"line":140,"column":3}},{"start":{"line":132,"column":2},"end":{"line":140,"column":3}}],"line":132}},"s":{"0":0,"1":0,"2":0,"3":0,"4":0,"5":0,"6":0,"7":0,"8":0,"9":0,"10":0,"11":0,"12":0,"13":0,"14":0,"15":0,"16":0,"17":0,"18":0,"19":0,"20":0,"21":0,"22":0,"23":0,"24":0,"25":0,"26":0,"27":0,"28":0,"29":0,"30":0,"31":0,"32":0,"33":0,"34":0,"35":0,"36":0,"37":0,"38":0},"f":{"0":0,"1":0,"2":0,"3":0,"4":0,"5":0,"6":0,"7":0,"8":0,"9":0,"10":0,"11":0,"12":0,"13":0,"14":0,"15":0},"b":{"0":[0,0,0],"1":[0,0],"2":[0,0],"3":[0,0],"4":[0,0],"5":[0,0],"6":[0,0],"7":[0,0],"8":[0,0],"9":[0,0],"10":[0,0],"11":[0,0],"12":[0,0],"13":[0,0,0],"14":[0,0]},"hash":"58c5922d20daff43d727c1e4d15f958ee7bfae4e"}
,"/Users/xiaohandu/code-playground/shopping-site/frontend/src/components/Banner.js": {"path":"/Users/xiaohandu/code-playground/shopping-site/frontend/src/components/Banner.js","statementMap":{"0":{"start":{"line":9,"column":0},"end":{"line":9,"column":51}},"1":{"start":{"line":11,"column":15},"end":{"line":84,"column":1}},"2":{"start":{"line":13,"column":19},"end":{"line":13,"column":21}},"3":{"start":{"line":15,"column":30},"end":{"line":18,"column":5}},"4":{"start":{"line":16,"column":30},"end":{"line":16,"column":55}},"5":{"start":{"line":20,"column":22},"end":{"line":30,"column":15}},"6":{"start":{"line":21,"column":21},"end":{"line":21,"column":23}},"7":{"start":{"line":22,"column":24},"end":{"line":22,"column":26}},"8":{"start":{"line":23,"column":22},"end":{"line":23,"column":24}},"9":{"start":{"line":24,"column":8},"end":{"line":24,"column":48}},"10":{"start":{"line":24,"column":27},"end":{"line":24,"column":47}},"11":{"start":{"line":25,"column":8},"end":{"line":25,"column":55}},"12":{"start":{"line":25,"column":27},"end":{"line":25,"column":53}},"13":{"start":{"line":26,"column":8},"end":{"line":26,"column":51}},"14":{"start":{"line":26,"column":27},"end":{"line":26,"column":49}},"15":{"start":{"line":27,"column":8},"end":{"line":27,"column":36}},"16":{"start":{"line":28,"column":8},"end":{"line":28,"column":42}},"17":{"start":{"line":29,"column":8},"end":{"line":29,"column":38}},"18":{"start":{"line":32,"column":4},"end":{"line":35,"column":20}},"19":{"start":{"line":33,"column":8},"end":{"line":33,"column":20}},"20":{"start":{"line":34,"column":8},"end":{"line":34,"column":41}},"21":{"start":{"line":37,"column":24},"end":{"line":59,"column":5}},"22":{"start":{"line":38,"column":8},"end":{"line":57,"column":9}},"23":{"start":{"line":39,"column":12},"end":{"line":56,"column":13}},"24":{"start":{"line":39,"column":25},"end":{"line":39,"column":26}},"25":{"start":{"line":40,"column":16},"end":{"line":55,"column":17}},"26":{"start":{"line":61,"column":4},"end":{"line":61,"column":18}},"27":{"start":{"line":63,"column":4},"end":{"line":83,"column":5}}},"fnMap":{"0":{"name":"(anonymous_0)","decl":{"start":{"line":11,"column":15},"end":{"line":11,"column":16}},"loc":{"start":{"line":11,"column":30},"end":{"line":84,"column":1}},"line":11},"1":{"name":"(anonymous_1)","decl":{"start":{"line":16,"column":8},"end":{"line":16,"column":9}},"loc":{"start":{"line":16,"column":30},"end":{"line":16,"column":55}},"line":16},"2":{"name":"(anonymous_2)","decl":{"start":{"line":20,"column":34},"end":{"line":20,"column":35}},"loc":{"start":{"line":20,"column":40},"end":{"line":30,"column":5}},"line":20},"3":{"name":"(anonymous_3)","decl":{"start":{"line":24,"column":22},"end":{"line":24,"column":23}},"loc":{"start":{"line":24,"column":27},"end":{"line":24,"column":47}},"line":24},"4":{"name":"(anonymous_4)","decl":{"start":{"line":25,"column":22},"end":{"line":25,"column":23}},"loc":{"start":{"line":25,"column":27},"end":{"line":25,"column":53}},"line":25},"5":{"name":"(anonymous_5)","decl":{"start":{"line":26,"column":22},"end":{"line":26,"column":23}},"loc":{"start":{"line":26,"column":27},"end":{"line":26,"column":49}},"line":26},"6":{"name":"(anonymous_6)","decl":{"start":{"line":32,"column":14},"end":{"line":32,"column":15}},"loc":{"start":{"line":32,"column":20},"end":{"line":35,"column":5}},"line":32},"7":{"name":"(anonymous_7)","decl":{"start":{"line":37,"column":24},"end":{"line":37,"column":25}},"loc":{"start":{"line":37,"column":30},"end":{"line":59,"column":5}},"line":37}},"branchMap":{"0":{"loc":{"start":{"line":38,"column":8},"end":{"line":57,"column":9}},"type":"if","locations":[{"start":{"line":38,"column":8},"end":{"line":57,"column":9}},{"start":{"line":38,"column":8},"end":{"line":57,"column":9}}],"line":38},"1":{"loc":{"start":{"line":66,"column":17},"end":{"line":79,"column":26}},"type":"cond-expr","locations":[{"start":{"line":67,"column":20},"end":{"line":75,"column":29}},{"start":{"line":77,"column":20},"end":{"line":79,"column":26}}],"line":66}},"s":{"0":1,"1":1,"2":6,"3":6,"4":0,"5":6,"6":0,"7":0,"8":0,"9":0,"10":0,"11":0,"12":0,"13":0,"14":0,"15":0,"16":0,"17":0,"18":6,"19":0,"20":0,"21":6,"22":6,"23":0,"24":0,"25":0,"26":6,"27":6},"f":{"0":6,"1":0,"2":0,"3":0,"4":0,"5":0,"6":0,"7":6},"b":{"0":[0,6],"1":[0,0]},"_coverageSchema":"43e27e138ebf9cfc5966b082cf9a028302ed4184","hash":"8e5b532ab0a8976c198e02a3bd2a2a9b9818d87c"}
,"/Users/xiaohandu/code-playground/shopping-site/frontend/src/components/ContactForm.js": {"path":"/Users/xiaohandu/code-playground/shopping-site/frontend/src/components/ContactForm.js","statementMap":{"0":{"start":{"line":5,"column":20},"end":{"line":101,"column":1}},"1":{"start":{"line":8,"column":4},"end":{"line":100,"column":5}},"2":{"start":{"line":16,"column":53},"end":{"line":16,"column":91}},"3":{"start":{"line":20,"column":53},"end":{"line":20,"column":113}},"4":{"start":{"line":26,"column":49},"end":{"line":26,"column":86}},"5":{"start":{"line":30,"column":49},"end":{"line":30,"column":104}},"6":{"start":{"line":35,"column":49},"end":{"line":35,"column":104}},"7":{"start":{"line":38,"column":61},"end":{"line":38,"column":91}},"8":{"start":{"line":45,"column":46},"end":{"line":45,"column":103}},"9":{"start":{"line":62,"column":57},"end":{"line":62,"column":95}},"10":{"start":{"line":66,"column":57},"end":{"line":66,"column":95}},"11":{"start":{"line":72,"column":57},"end":{"line":72,"column":91}},"12":{"start":{"line":76,"column":57},"end":{"line":76,"column":92}},"13":{"start":{"line":80,"column":57},"end":{"line":80,"column":95}},"14":{"start":{"line":84,"column":57},"end":{"line":84,"column":94}}},"fnMap":{"0":{"name":"(anonymous_0)","decl":{"start":{"line":5,"column":20},"end":{"line":5,"column":21}},"loc":{"start":{"line":6,"column":100},"end":{"line":101,"column":1}},"line":6},"1":{"name":"(anonymous_1)","decl":{"start":{"line":16,"column":48},"end":{"line":16,"column":49}},"loc":{"start":{"line":16,"column":53},"end":{"line":16,"column":91}},"line":16},"2":{"name":"(anonymous_2)","decl":{"start":{"line":20,"column":48},"end":{"line":20,"column":49}},"loc":{"start":{"line":20,"column":53},"end":{"line":20,"column":113}},"line":20},"3":{"name":"(anonymous_3)","decl":{"start":{"line":26,"column":44},"end":{"line":26,"column":45}},"loc":{"start":{"line":26,"column":49},"end":{"line":26,"column":86}},"line":26},"4":{"name":"(anonymous_4)","decl":{"start":{"line":30,"column":44},"end":{"line":30,"column":45}},"loc":{"start":{"line":30,"column":49},"end":{"line":30,"column":104}},"line":30},"5":{"name":"(anonymous_5)","decl":{"start":{"line":35,"column":44},"end":{"line":35,"column":45}},"loc":{"start":{"line":35,"column":49},"end":{"line":35,"column":104}},"line":35},"6":{"name":"(anonymous_6)","decl":{"start":{"line":38,"column":55},"end":{"line":38,"column":56}},"loc":{"start":{"line":38,"column":61},"end":{"line":38,"column":91}},"line":38},"7":{"name":"(anonymous_7)","decl":{"start":{"line":45,"column":41},"end":{"line":45,"column":42}},"loc":{"start":{"line":45,"column":46},"end":{"line":45,"column":103}},"line":45},"8":{"name":"(anonymous_8)","decl":{"start":{"line":62,"column":52},"end":{"line":62,"column":53}},"loc":{"start":{"line":62,"column":57},"end":{"line":62,"column":95}},"line":62},"9":{"name":"(anonymous_9)","decl":{"start":{"line":66,"column":52},"end":{"line":66,"column":53}},"loc":{"start":{"line":66,"column":57},"end":{"line":66,"column":95}},"line":66},"10":{"name":"(anonymous_10)","decl":{"start":{"line":72,"column":52},"end":{"line":72,"column":53}},"loc":{"start":{"line":72,"column":57},"end":{"line":72,"column":91}},"line":72},"11":{"name":"(anonymous_11)","decl":{"start":{"line":76,"column":52},"end":{"line":76,"column":53}},"loc":{"start":{"line":76,"column":57},"end":{"line":76,"column":92}},"line":76},"12":{"name":"(anonymous_12)","decl":{"start":{"line":80,"column":52},"end":{"line":80,"column":53}},"loc":{"start":{"line":80,"column":57},"end":{"line":80,"column":95}},"line":80},"13":{"name":"(anonymous_13)","decl":{"start":{"line":84,"column":52},"end":{"line":84,"column":53}},"loc":{"start":{"line":84,"column":57},"end":{"line":84,"column":94}},"line":84}},"branchMap":{"0":{"loc":{"start":{"line":21,"column":33},"end":{"line":21,"column":99}},"type":"cond-expr","locations":[{"start":{"line":21,"column":46},"end":{"line":21,"column":50}},{"start":{"line":21,"column":53},"end":{"line":21,"column":99}}],"line":21},"1":{"loc":{"start":{"line":31,"column":29},"end":{"line":31,"column":103}},"type":"cond-expr","locations":[{"start":{"line":31,"column":43},"end":{"line":31,"column":47}},{"start":{"line":31,"column":50},"end":{"line":31,"column":103}}],"line":31},"2":{"loc":{"start":{"line":33,"column":25},"end":{"line":37,"column":37}},"type":"cond-expr","locations":[{"start":{"line":33,"column":38},"end":{"line":37,"column":30}},{"start":{"line":37,"column":33},"end":{"line":37,"column":37}}],"line":33},"3":{"loc":{"start":{"line":36,"column":29},"end":{"line":36,"column":103}},"type":"cond-expr","locations":[{"start":{"line":36,"column":43},"end":{"line":36,"column":47}},{"start":{"line":36,"column":50},"end":{"line":36,"column":103}}],"line":36},"4":{"loc":{"start":{"line":52,"column":29},"end":{"line":52,"column":120}},"type":"cond-expr","locations":[{"start":{"line":52,"column":44},"end":{"line":52,"column":48}},{"start":{"line":52,"column":51},"end":{"line":52,"column":120}}],"line":52},"5":{"loc":{"start":{"line":58,"column":25},"end":{"line":87,"column":37}},"type":"cond-expr","locations":[{"start":{"line":58,"column":39},"end":{"line":87,"column":30}},{"start":{"line":87,"column":33},"end":{"line":87,"column":37}}],"line":58}},"s":{"0":0,"1":0,"2":0,"3":0,"4":0,"5":0,"6":0,"7":0,"8":0,"9":0,"10":0,"11":0,"12":0,"13":0,"14":0},"f":{"0":0,"1":0,"2":0,"3":0,"4":0,"5":0,"6":0,"7":0,"8":0,"9":0,"10":0,"11":0,"12":0,"13":0},"b":{"0":[0,0],"1":[0,0],"2":[0,0],"3":[0,0],"4":[0,0],"5":[0,0]},"hash":"b571e9eb1d260dffc24b2bef23b67c8ce5dc4978"}
,"/Users/xiaohandu/code-playground/shopping-site/frontend/src/components/ContactResponse.js": {"path":"/Users/xiaohandu/code-playground/shopping-site/frontend/src/components/ContactResponse.js","statementMap":{"0":{"start":{"line":7,"column":24},"end":{"line":27,"column":1}},"1":{"start":{"line":8,"column":4},"end":{"line":26,"column":5}}},"fnMap":{"0":{"name":"(anonymous_0)","decl":{"start":{"line":7,"column":24},"end":{"line":7,"column":25}},"loc":{"start":{"line":7,"column":30},"end":{"line":27,"column":1}},"line":7}},"branchMap":{},"s":{"0":0,"1":0},"f":{"0":0},"b":{},"hash":"9ec59210b8ba3c186afda2f1c3990f269238c68e"}
,"/Users/xiaohandu/code-playground/shopping-site/frontend/src/components/FlipCard.js": {"path":"/Users/xiaohandu/code-playground/shopping-site/frontend/src/components/FlipCard.js","statementMap":{"0":{"start":{"line":4,"column":17},"end":{"line":34,"column":1}},"1":{"start":{"line":6,"column":4},"end":{"line":33,"column":5}}},"fnMap":{"0":{"name":"(anonymous_0)","decl":{"start":{"line":4,"column":17},"end":{"line":4,"column":18}},"loc":{"start":{"line":4,"column":58},"end":{"line":34,"column":1}},"line":4}},"branchMap":{},"s":{"0":0,"1":0},"f":{"0":0},"b":{},"hash":"b907bea1ab28c7a94ca306722f703e174e212b01"}
,"/Users/xiaohandu/code-playground/shopping-site/frontend/src/components/Footer.js": {"path":"/Users/xiaohandu/code-playground/shopping-site/frontend/src/components/Footer.js","statementMap":{"0":{"start":{"line":4,"column":15},"end":{"line":14,"column":1}},"1":{"start":{"line":5,"column":4},"end":{"line":13,"column":5}}},"fnMap":{"0":{"name":"(anonymous_0)","decl":{"start":{"line":4,"column":15},"end":{"line":4,"column":16}},"loc":{"start":{"line":4,"column":21},"end":{"line":14,"column":1}},"line":4}},"branchMap":{},"s":{"0":0,"1":0},"f":{"0":0},"b":{},"hash":"d5e7d43b2a074df3aa0417e9352ab8fd77bb825c"}
,"/Users/xiaohandu/code-playground/shopping-site/frontend/src/components/ImageGrid.js": {"path":"/Users/xiaohandu/code-playground/shopping-site/frontend/src/components/ImageGrid.js","statementMap":{"0":{"start":{"line":5,"column":18},"end":{"line":32,"column":1}},"1":{"start":{"line":7,"column":25},"end":{"line":25,"column":5}},"2":{"start":{"line":9,"column":8},"end":{"line":23,"column":9}},"3":{"start":{"line":14,"column":28},"end":{"line":18,"column":29}},"4":{"start":{"line":27,"column":4},"end":{"line":31,"column":5}}},"fnMap":{"0":{"name":"(anonymous_0)","decl":{"start":{"line":5,"column":18},"end":{"line":5,"column":19}},"loc":{"start":{"line":5,"column":41},"end":{"line":32,"column":1}},"line":5},"1":{"name":"(anonymous_1)","decl":{"start":{"line":7,"column":25},"end":{"line":7,"column":26}},"loc":{"start":{"line":7,"column":31},"end":{"line":25,"column":5}},"line":7},"2":{"name":"(anonymous_2)","decl":{"start":{"line":13,"column":24},"end":{"line":13,"column":25}},"loc":{"start":{"line":13,"column":35},"end":{"line":19,"column":25}},"line":13}},"branchMap":{},"s":{"0":0,"1":0,"2":0,"3":0,"4":0},"f":{"0":0,"1":0,"2":0},"b":{},"hash":"d32e683eec2a8f60931d5992b7408f9adcf7884c"}
,"/Users/xiaohandu/code-playground/shopping-site/frontend/src/components/Navbar.js": {"path":"/Users/xiaohandu/code-playground/shopping-site/frontend/src/components/Navbar.js","statementMap":{"0":{"start":{"line":6,"column":15},"end":{"line":45,"column":1}},"1":{"start":{"line":8,"column":22},"end":{"line":8,"column":30}},"2":{"start":{"line":10,"column":24},"end":{"line":12,"column":5}},"3":{"start":{"line":11,"column":8},"end":{"line":11,"column":42}},"4":{"start":{"line":14,"column":4},"end":{"line":44,"column":5}}},"fnMap":{"0":{"name":"(anonymous_0)","decl":{"start":{"line":6,"column":15},"end":{"line":6,"column":16}},"loc":{"start":{"line":6,"column":21},"end":{"line":45,"column":1}},"line":6},"1":{"name":"(anonymous_1)","decl":{"start":{"line":10,"column":24},"end":{"line":10,"column":25}},"loc":{"start":{"line":10,"column":30},"end":{"line":12,"column":5}},"line":10}},"branchMap":{},"s":{"0":0,"1":0,"2":0,"3":0,"4":0},"f":{"0":0,"1":0},"b":{},"hash":"04276aec5a33aabc56d28e082ead2c290d5e855b"}
,"/Users/xiaohandu/code-playground/shopping-site/frontend/src/components/Spinner.js": {"path":"/Users/xiaohandu/code-playground/shopping-site/frontend/src/components/Spinner.js","statementMap":{"0":{"start":{"line":4,"column":16},"end":{"line":8,"column":1}},"1":{"start":{"line":5,"column":4},"end":{"line":7,"column":5}}},"fnMap":{"0":{"name":"(anonymous_0)","decl":{"start":{"line":4,"column":16},"end":{"line":4,"column":17}},"loc":{"start":{"line":4,"column":22},"end":{"line":8,"column":1}},"line":4}},"branchMap":{},"s":{"0":1,"1":0},"f":{"0":0},"b":{},"_coverageSchema":"43e27e138ebf9cfc5966b082cf9a028302ed4184","hash":"d76dd6d22cec99eacfae497c4ebf295c2a74de02"}
,"/Users/xiaohandu/code-playground/shopping-site/frontend/src/components/TextTile.js": {"path":"/Users/xiaohandu/code-playground/shopping-site/frontend/src/components/TextTile.js","statementMap":{"0":{"start":{"line":6,"column":17},"end":{"line":55,"column":1}},"1":{"start":{"line":8,"column":4},"end":{"line":53,"column":5}}},"fnMap":{"0":{"name":"(anonymous_0)","decl":{"start":{"line":6,"column":17},"end":{"line":6,"column":18}},"loc":{"start":{"line":6,"column":23},"end":{"line":55,"column":1}},"line":6}},"branchMap":{},"s":{"0":0,"1":0},"f":{"0":0},"b":{},"hash":"cf684790385b104bb26816cb90d10b6c195fad66"}
,"/Users/xiaohandu/code-playground/shopping-site/frontend/src/components/Tile.js": {"path":"/Users/xiaohandu/code-playground/shopping-site/frontend/src/components/Tile.js","statementMap":{"0":{"start":{"line":7,"column":13},"end":{"line":96,"column":1}},"1":{"start":{"line":9,"column":4},"end":{"line":95,"column":5}}},"fnMap":{"0":{"name":"(anonymous_0)","decl":{"start":{"line":7,"column":13},"end":{"line":7,"column":14}},"loc":{"start":{"line":7,"column":19},"end":{"line":96,"column":1}},"line":7}},"branchMap":{},"s":{"0":0,"1":0},"f":{"0":0},"b":{},"hash":"a710cdbb71636328ea7e8b4530755c0780012551"}
,"/Users/xiaohandu/code-playground/shopping-site/frontend/src/functions/ScrollToTopOnMount.js": {"path":"/Users/xiaohandu/code-playground/shopping-site/frontend/src/functions/ScrollToTopOnMount.js","statementMap":{"0":{"start":{"line":3,"column":34},"end":{"line":9,"column":1}},"1":{"start":{"line":4,"column":4},"end":{"line":6,"column":11}},"2":{"start":{"line":5,"column":8},"end":{"line":5,"column":30}},"3":{"start":{"line":8,"column":4},"end":{"line":8,"column":16}}},"fnMap":{"0":{"name":"(anonymous_0)","decl":{"start":{"line":3,"column":34},"end":{"line":3,"column":35}},"loc":{"start":{"line":3,"column":40},"end":{"line":9,"column":1}},"line":3},"1":{"name":"(anonymous_1)","decl":{"start":{"line":4,"column":14},"end":{"line":4,"column":15}},"loc":{"start":{"line":4,"column":20},"end":{"line":6,"column":5}},"line":4}},"branchMap":{},"s":{"0":0,"1":0,"2":0,"3":0},"f":{"0":0,"1":0},"b":{},"hash":"93b41ecba607ce5050c373b7cc4b900f3f016cc7"}
,"/Users/xiaohandu/code-playground/shopping-site/frontend/src/functions/ShuffleArray.js": {"path":"/Users/xiaohandu/code-playground/shopping-site/frontend/src/functions/ShuffleArray.js","statementMap":{"0":{"start":{"line":1,"column":28},"end":{"line":9,"column":1}},"1":{"start":{"line":2,"column":4},"end":{"line":7,"column":5}},"2":{"start":{"line":2,"column":17},"end":{"line":2,"column":33}},"3":{"start":{"line":3,"column":16},"end":{"line":3,"column":51}},"4":{"start":{"line":4,"column":19},"end":{"line":4,"column":27}},"5":{"start":{"line":5,"column":8},"end":{"line":5,"column":28}},"6":{"start":{"line":6,"column":8},"end":{"line":6,"column":24}},"7":{"start":{"line":8,"column":4},"end":{"line":8,"column":17}}},"fnMap":{"0":{"name":"(anonymous_0)","decl":{"start":{"line":1,"column":28},"end":{"line":1,"column":29}},"loc":{"start":{"line":1,"column":39},"end":{"line":9,"column":1}},"line":1}},"branchMap":{},"s":{"0":1,"1":1,"2":1,"3":4,"4":4,"5":4,"6":4,"7":1},"f":{"0":1},"b":{},"_coverageSchema":"43e27e138ebf9cfc5966b082cf9a028302ed4184","hash":"372f4b169bcbbf9fefa558e658cddc88b4cb9e2c"}
,"/Users/xiaohandu/code-playground/shopping-site/frontend/src/pages/About.js": {"path":"/Users/xiaohandu/code-playground/shopping-site/frontend/src/pages/About.js","statementMap":{"0":{"start":{"line":8,"column":14},"end":{"line":22,"column":1}},"1":{"start":{"line":9,"column":4},"end":{"line":21,"column":5}}},"fnMap":{"0":{"name":"(anonymous_0)","decl":{"start":{"line":8,"column":14},"end":{"line":8,"column":15}},"loc":{"start":{"line":8,"column":20},"end":{"line":22,"column":1}},"line":8}},"branchMap":{},"s":{"0":0,"1":0},"f":{"0":0},"b":{},"hash":"2530e32f53f40b896d039bc3808431cab6b3ecae"}
,"/Users/xiaohandu/code-playground/shopping-site/frontend/src/pages/Contact.js": {"path":"/Users/xiaohandu/code-playground/shopping-site/frontend/src/pages/Contact.js","statementMap":{"0":{"start":{"line":10,"column":16},"end":{"line":155,"column":1}},"1":{"start":{"line":12,"column":30},"end":{"line":36,"column":5}},"2":{"start":{"line":13,"column":30},"end":{"line":13,"column":55}},"3":{"start":{"line":38,"column":27},"end":{"line":56,"column":5}},"4":{"start":{"line":40,"column":27},"end":{"line":40,"column":144}},"5":{"start":{"line":41,"column":8},"end":{"line":46,"column":9}},"6":{"start":{"line":42,"column":12},"end":{"line":42,"column":43}},"7":{"start":{"line":45,"column":12},"end":{"line":45,"column":88}},"8":{"start":{"line":47,"column":8},"end":{"line":49,"column":9}},"9":{"start":{"line":48,"column":12},"end":{"line":48,"column":115}},"10":{"start":{"line":50,"column":8},"end":{"line":52,"column":9}},"11":{"start":{"line":51,"column":12},"end":{"line":51,"column":115}},"12":{"start":{"line":53,"column":8},"end":{"line":55,"column":9}},"13":{"start":{"line":54,"column":12},"end":{"line":54,"column":96}},"14":{"start":{"line":58,"column":26},"end":{"line":63,"column":5}},"15":{"start":{"line":59,"column":8},"end":{"line":61,"column":9}},"16":{"start":{"line":60,"column":12},"end":{"line":60,"column":114}},"17":{"start":{"line":62,"column":8},"end":{"line":62,"column":54}},"18":{"start":{"line":65,"column":25},"end":{"line":94,"column":5}},"19":{"start":{"line":67,"column":8},"end":{"line":67,"column":27}},"20":{"start":{"line":69,"column":8},"end":{"line":69,"column":40}},"21":{"start":{"line":71,"column":32},"end":{"line":85,"column":9}},"22":{"start":{"line":86,"column":8},"end":{"line":92,"column":15}},"23":{"start":{"line":88,"column":16},"end":{"line":88,"column":56}},"24":{"start":{"line":89,"column":16},"end":{"line":89,"column":129}},"25":{"start":{"line":91,"column":16},"end":{"line":91,"column":40}},"26":{"start":{"line":96,"column":30},"end":{"line":118,"column":5}},"27":{"start":{"line":97,"column":8},"end":{"line":117,"column":13}},"28":{"start":{"line":98,"column":12},"end":{"line":105,"column":13}},"29":{"start":{"line":107,"column":13},"end":{"line":117,"column":13}},"30":{"start":{"line":108,"column":12},"end":{"line":112,"column":13}},"31":{"start":{"line":114,"column":13},"end":{"line":117,"column":13}},"32":{"start":{"line":115,"column":12},"end":{"line":117,"column":13}},"33":{"start":{"line":120,"column":4},"end":{"line":154,"column":5}}},"fnMap":{"0":{"name":"(anonymous_0)","decl":{"start":{"line":10,"column":16},"end":{"line":10,"column":17}},"loc":{"start":{"line":10,"column":22},"end":{"line":155,"column":1}},"line":10},"1":{"name":"(anonymous_1)","decl":{"start":{"line":13,"column":8},"end":{"line":13,"column":9}},"loc":{"start":{"line":13,"column":30},"end":{"line":13,"column":55}},"line":13},"2":{"name":"(anonymous_2)","decl":{"start":{"line":38,"column":27},"end":{"line":38,"column":28}},"loc":{"start":{"line":38,"column":33},"end":{"line":56,"column":5}},"line":38},"3":{"name":"(anonymous_3)","decl":{"start":{"line":58,"column":26},"end":{"line":58,"column":27}},"loc":{"start":{"line":58,"column":32},"end":{"line":63,"column":5}},"line":58},"4":{"name":"(anonymous_4)","decl":{"start":{"line":65,"column":25},"end":{"line":65,"column":26}},"loc":{"start":{"line":65,"column":32},"end":{"line":94,"column":5}},"line":65},"5":{"name":"(anonymous_5)","decl":{"start":{"line":87,"column":18},"end":{"line":87,"column":19}},"loc":{"start":{"line":87,"column":30},"end":{"line":90,"column":13}},"line":87},"6":{"name":"(anonymous_6)","decl":{"start":{"line":90,"column":15},"end":{"line":90,"column":16}},"loc":{"start":{"line":90,"column":26},"end":{"line":92,"column":13}},"line":90},"7":{"name":"(anonymous_7)","decl":{"start":{"line":96,"column":30},"end":{"line":96,"column":31}},"loc":{"start":{"line":96,"column":36},"end":{"line":118,"column":5}},"line":96}},"branchMap":{"0":{"loc":{"start":{"line":41,"column":8},"end":{"line":46,"column":9}},"type":"if","locations":[{"start":{"line":41,"column":8},"end":{"line":46,"column":9}},{"start":{"line":41,"column":8},"end":{"line":46,"column":9}}],"line":41},"1":{"loc":{"start":{"line":47,"column":8},"end":{"line":49,"column":9}},"type":"if","locations":[{"start":{"line":47,"column":8},"end":{"line":49,"column":9}},{"start":{"line":47,"column":8},"end":{"line":49,"column":9}}],"line":47},"2":{"loc":{"start":{"line":48,"column":12},"end":{"line":48,"column":114}},"type":"cond-expr","locations":[{"start":{"line":48,"column":62},"end":{"line":48,"column":87}},{"start":{"line":48,"column":90},"end":{"line":48,"column":114}}],"line":48},"3":{"loc":{"start":{"line":48,"column":12},"end":{"line":48,"column":59}},"type":"binary-expr","locations":[{"start":{"line":48,"column":12},"end":{"line":48,"column":36}},{"start":{"line":48,"column":40},"end":{"line":48,"column":59}}],"line":48},"4":{"loc":{"start":{"line":50,"column":8},"end":{"line":52,"column":9}},"type":"if","locations":[{"start":{"line":50,"column":8},"end":{"line":52,"column":9}},{"start":{"line":50,"column":8},"end":{"line":52,"column":9}}],"line":50},"5":{"loc":{"start":{"line":51,"column":12},"end":{"line":51,"column":114}},"type":"cond-expr","locations":[{"start":{"line":51,"column":62},"end":{"line":51,"column":87}},{"start":{"line":51,"column":90},"end":{"line":51,"column":114}}],"line":51},"6":{"loc":{"start":{"line":51,"column":12},"end":{"line":51,"column":59}},"type":"binary-expr","locations":[{"start":{"line":51,"column":12},"end":{"line":51,"column":36}},{"start":{"line":51,"column":40},"end":{"line":51,"column":59}}],"line":51},"7":{"loc":{"start":{"line":53,"column":8},"end":{"line":55,"column":9}},"type":"if","locations":[{"start":{"line":53,"column":8},"end":{"line":55,"column":9}},{"start":{"line":53,"column":8},"end":{"line":55,"column":9}}],"line":53},"8":{"loc":{"start":{"line":54,"column":12},"end":{"line":54,"column":95}},"type":"cond-expr","locations":[{"start":{"line":54,"column":41},"end":{"line":54,"column":67}},{"start":{"line":54,"column":70},"end":{"line":54,"column":95}}],"line":54},"9":{"loc":{"start":{"line":59,"column":8},"end":{"line":61,"column":9}},"type":"if","locations":[{"start":{"line":59,"column":8},"end":{"line":61,"column":9}},{"start":{"line":59,"column":8},"end":{"line":61,"column":9}}],"line":59},"10":{"loc":{"start":{"line":89,"column":16},"end":{"line":89,"column":128}},"type":"cond-expr","locations":[{"start":{"line":89,"column":40},"end":{"line":89,"column":92}},{"start":{"line":89,"column":95},"end":{"line":89,"column":128}}],"line":89},"11":{"loc":{"start":{"line":97,"column":8},"end":{"line":117,"column":13}},"type":"if","locations":[{"start":{"line":97,"column":8},"end":{"line":117,"column":13}},{"start":{"line":97,"column":8},"end":{"line":117,"column":13}}],"line":97},"12":{"loc":{"start":{"line":97,"column":12},"end":{"line":97,"column":53}},"type":"binary-expr","locations":[{"start":{"line":97,"column":12},"end":{"line":97,"column":30}},{"start":{"line":97,"column":34},"end":{"line":97,"column":53}}],"line":97},"13":{"loc":{"start":{"line":107,"column":13},"end":{"line":117,"column":13}},"type":"if","locations":[{"start":{"line":107,"column":13},"end":{"line":117,"column":13}},{"start":{"line":107,"column":13},"end":{"line":117,"column":13}}],"line":107},"14":{"loc":{"start":{"line":107,"column":17},"end":{"line":107,"column":57}},"type":"binary-expr","locations":[{"start":{"line":107,"column":17},"end":{"line":107,"column":34}},{"start":{"line":107,"column":38},"end":{"line":107,"column":57}}],"line":107},"15":{"loc":{"start":{"line":114,"column":13},"end":{"line":117,"column":13}},"type":"if","locations":[{"start":{"line":114,"column":13},"end":{"line":117,"column":13}},{"start":{"line":114,"column":13},"end":{"line":117,"column":13}}],"line":114},"16":{"loc":{"start":{"line":114,"column":17},"end":{"line":114,"column":57}},"type":"binary-expr","locations":[{"start":{"line":114,"column":17},"end":{"line":114,"column":35}},{"start":{"line":114,"column":39},"end":{"line":114,"column":57}}],"line":114}},"s":{"0":0,"1":0,"2":0,"3":0,"4":0,"5":0,"6":0,"7":0,"8":0,"9":0,"10":0,"11":0,"12":0,"13":0,"14":0,"15":0,"16":0,"17":0,"18":0,"19":0,"20":0,"21":0,"22":0,"23":0,"24":0,"25":0,"26":0,"27":0,"28":0,"29":0,"30":0,"31":0,"32":0,"33":0},"f":{"0":0,"1":0,"2":0,"3":0,"4":0,"5":0,"6":0,"7":0},"b":{"0":[0,0],"1":[0,0],"2":[0,0],"3":[0,0],"4":[0,0],"5":[0,0],"6":[0,0],"7":[0,0],"8":[0,0],"9":[0,0],"10":[0,0],"11":[0,0],"12":[0,0],"13":[0,0],"14":[0,0],"15":[0,0],"16":[0,0]},"hash":"8871f299bc1bf9d3041386fa282133343b21f6d5"}
,"/Users/xiaohandu/code-playground/shopping-site/frontend/src/pages/Home.js": {"path":"/Users/xiaohandu/code-playground/shopping-site/frontend/src/pages/Home.js","statementMap":{"0":{"start":{"line":7,"column":24},"end":{"line":32,"column":1}},"1":{"start":{"line":34,"column":13},"end":{"line":46,"column":1}},"2":{"start":{"line":35,"column":4},"end":{"line":45,"column":5}}},"fnMap":{"0":{"name":"(anonymous_0)","decl":{"start":{"line":34,"column":13},"end":{"line":34,"column":14}},"loc":{"start":{"line":34,"column":19},"end":{"line":46,"column":1}},"line":34}},"branchMap":{},"s":{"0":0,"1":0,"2":0},"f":{"0":0},"b":{},"hash":"ddb91037577daa0d45bd8254f28889a515dabb83"}
,"/Users/xiaohandu/code-playground/shopping-site/frontend/src/pages/Medium.js": {"path":"/Users/xiaohandu/code-playground/shopping-site/frontend/src/pages/Medium.js","statementMap":{"0":{"start":{"line":6,"column":15},"end":{"line":64,"column":1}},"1":{"start":{"line":7,"column":4},"end":{"line":63,"column":5}}},"fnMap":{"0":{"name":"(anonymous_0)","decl":{"start":{"line":6,"column":15},"end":{"line":6,"column":16}},"loc":{"start":{"line":6,"column":21},"end":{"line":64,"column":1}},"line":6}},"branchMap":{},"s":{"0":0,"1":0},"f":{"0":0},"b":{},"hash":"378e495bd4ac5c073bf3cc5a7c096386a4a94c03"}
,"/Users/xiaohandu/code-playground/shopping-site/frontend/src/pages/PhD.js": {"path":"/Users/xiaohandu/code-playground/shopping-site/frontend/src/pages/PhD.js","statementMap":{"0":{"start":{"line":7,"column":15},"end":{"line":62,"column":1}},"1":{"start":{"line":65,"column":14},"end":{"line":140,"column":1}},"2":{"start":{"line":66,"column":4},"end":{"line":139,"column":5}}},"fnMap":{"0":{"name":"(anonymous_0)","decl":{"start":{"line":65,"column":14},"end":{"line":65,"column":15}},"loc":{"start":{"line":65,"column":20},"end":{"line":140,"column":1}},"line":65}},"branchMap":{},"s":{"0":0,"1":0,"2":0},"f":{"0":0},"b":{},"hash":"0a2a56a1786aad1a1724fe342f62bb42a2c1fdbd"}
,"/Users/xiaohandu/code-playground/shopping-site/frontend/src/pages/Projects.js": {"path":"/Users/xiaohandu/code-playground/shopping-site/frontend/src/pages/Projects.js","statementMap":{"0":{"start":{"line":6,"column":17},"end":{"line":19,"column":1}},"1":{"start":{"line":7,"column":4},"end":{"line":18,"column":5}}},"fnMap":{"0":{"name":"(anonymous_0)","decl":{"start":{"line":6,"column":17},"end":{"line":6,"column":18}},"loc":{"start":{"line":6,"column":23},"end":{"line":19,"column":1}},"line":6}},"branchMap":{},"s":{"0":0,"1":0},"f":{"0":0},"b":{},"hash":"f730bbc3009254cae7cc6c6a9c7c66f6aae46c81"}
}
